Change Component Designator: Old Designator=C? New Designator=C1
Change Component Designator: Old Designator=C? New Designator=C2
Change Component Designator: Old Designator=C? New Designator=C3
Change Component Designator: Old Designator=C? New Designator=C4
Change Component Designator: Old Designator=C? New Designator=C5
Change Component Designator: Old Designator=Co? New Designator=Co1
Change Component Designator: Old Designator=Co? New Designator=Co2
Change Component Designator: Old Designator=Con? New Designator=Con1
Change Component Designator: Old Designator=Con? New Designator=Con2
Change Component Designator: Old Designator=Con? New Designator=Con3
Change Component Designator: Old Designator=Con? New Designator=Con4
Change Component Designator: Old Designator=Con? New Designator=Con5
Change Component Designator: Old Designator=Cry? New Designator=Cry1
Change Component Designator: Old Designator=IC? New Designator=IC1
Change Component Designator: Old Designator=MO? New Designator=MO1
Change Component Designator: Old Designator=MO? New Designator=MO2
Change Component Designator: Old Designator=PW? New Designator=PW1
Change Component Designator: Old Designator=R? New Designator=R1
Change Component Designator: Old Designator=R? New Designator=R2
Change Component Designator: Old Designator=R? New Designator=R3
Change Component Designator: Old Designator=R? New Designator=R4
Change Component Designator: Old Designator=V? New Designator=V1
